0 info it worked if it ends with ok
1 verbose cli [ 'C:\\Program Files\\nodejs\\node.exe',
1 verbose cli   'C:\\Users\\usuario1\\AppData\\Roaming\\npm\\node_modules\\npm\\bin\\npm-cli.js',
1 verbose cli   'start' ]
2 info using npm@4.0.5
3 info using node@v7.2.1
4 verbose run-script [ 'prestart', 'start', 'poststart' ]
5 info lifecycle gum@1.0.0~prestart: gum@1.0.0
6 silly lifecycle gum@1.0.0~prestart: no script for prestart, continuing
7 info lifecycle gum@1.0.0~start: gum@1.0.0
8 verbose lifecycle gum@1.0.0~start: unsafe-perm in lifecycle true
9 verbose lifecycle gum@1.0.0~start: PATH: C:\Users\usuario1\AppData\Roaming\npm\node_modules\npm\bin\node-gyp-bin;C:\xampp\htdocs\Web Chevere Javascript30\JS30 21 Geolocation\www\node_modules\.bin;C:\Program Files (x86)\PC Connectivity Solution\;C:\Program Files\nodejs\;C:\Program Files\Java\jdk1.8.0_111/bin;C:\Program Files\MySQL\MySQL Utilities 1.6\;C:\Program Files (x86)\Brackets\command;C:\Program Files\Git\cmd;C:\Users\usuario1\AppData\Roaming\npm;C:\Program Files\Java\jre1.8.0_111\bin;C:\Program Files\Heroku\bin
10 verbose lifecycle gum@1.0.0~start: CWD: C:\xampp\htdocs\Web Chevere Javascript30\JS30 21 Geolocation\www
11 silly lifecycle gum@1.0.0~start: Args: [ '/d /s /c',
11 silly lifecycle   'browser-sync start --directory --server --files \'*.css, *.html, *.js\' --https' ]
12 silly lifecycle gum@1.0.0~start: Returned: code: 3221225786  signal: null
13 info lifecycle gum@1.0.0~start: Failed to exec start script
14 verbose stack Error: gum@1.0.0 start: `browser-sync start --directory --server --files '*.css, *.html, *.js' --https`
14 verbose stack Exit status 3221225786
14 verbose stack     at EventEmitter.<anonymous> (C:\Users\usuario1\AppData\Roaming\npm\node_modules\npm\lib\utils\lifecycle.js:279:16)
14 verbose stack     at emitTwo (events.js:106:13)
14 verbose stack     at EventEmitter.emit (events.js:191:7)
14 verbose stack     at ChildProcess.<anonymous> (C:\Users\usuario1\AppData\Roaming\npm\node_modules\npm\lib\utils\spawn.js:40:14)
14 verbose stack     at emitTwo (events.js:106:13)
14 verbose stack     at ChildProcess.emit (events.js:191:7)
14 verbose stack     at maybeClose (internal/child_process.js:885:16)
14 verbose stack     at Process.ChildProcess._handle.onexit (internal/child_process.js:226:5)
15 verbose pkgid gum@1.0.0
16 verbose cwd C:\xampp\htdocs\Web Chevere Javascript30\JS30 21 Geolocation\www
17 error Windows_NT 6.2.9200
18 error argv "C:\\Program Files\\nodejs\\node.exe" "C:\\Users\\usuario1\\AppData\\Roaming\\npm\\node_modules\\npm\\bin\\npm-cli.js" "start"
19 error node v7.2.1
20 error npm  v4.0.5
21 error code ELIFECYCLE
22 error gum@1.0.0 start: `browser-sync start --directory --server --files '*.css, *.html, *.js' --https`
22 error Exit status 3221225786
23 error Failed at the gum@1.0.0 start script 'browser-sync start --directory --server --files '*.css, *.html, *.js' --https'.
23 error Make sure you have the latest version of node.js and npm installed.
23 error If you do, this is most likely a problem with the gum package,
23 error not with npm itself.
23 error Tell the author that this fails on your system:
23 error     browser-sync start --directory --server --files '*.css, *.html, *.js' --https
23 error You can get information on how to open an issue for this project with:
23 error     npm bugs gum
23 error Or if that isn't available, you can get their info via:
23 error     npm owner ls gum
23 error There is likely additional logging output above.
24 verbose exit [ 1, true ]
